<?xml version="1.0" encoding="UTF-8"?>
<!-- Generated by org.testng.reporters.JUnitReportReporter -->
<testsuite hostname="LAPTOP-EGNFLL63" failures="0" tests="1" name="com.training.testcases.MySettingsTest" time="30.246" errors="0" timestamp="2023-07-31T00:23:14 PDT" skipped="0">
  <testcase classname="com.training.testcases.MySettingsTest" name="Testcase_7" time="30.246"/>
  <system-out/>
</testsuite> <!-- com.training.testcases.MySettingsTest -->
